<?xml version="1.0" encoding="utf-8"?><testsuites name="pytest tests"><testsuite name="pytest" errors="0" failures="0" skipped="0" tests="21" time="1.666" timestamp="2026-04-25T07:05:39.564194+00:00" hostname="agent-env-6cd1e79c-f7e9-4d0a-992d-2904eb217c0d"><testcase classname="backend.tests.test_nexus_api.TestAuth" name="test_me_returns_user" time="0.221" /><testcase classname="backend.tests.test_nexus_api.TestAuth" name="test_me_unauth" time="0.120" /><testcase classname="backend.tests.test_nexus_api.TestAuth" name="test_session_missing_id" time="0.044" /><testcase classname="backend.tests.test_nexus_api.TestUsers" name="test_profile_update" time="0.099" /><testcase classname="backend.tests.test_nexus_api.TestUsers" name="test_qr_returns_base64" time="0.057" /><testcase classname="backend.tests.test_nexus_api.TestUsers" name="test_email_test_no_creds_returns_400" time="0.045" /><testcase classname="backend.tests.test_nexus_api.TestUsers" name="test_email_settings_persist" time="0.067" /><testcase classname="backend.tests.test_nexus_api.TestUsers" name="test_export" time="0.048" /><testcase classname="backend.tests.test_nexus_api.TestTransactions" name="test_create_status_overdue" time="0.092" /><testcase classname="backend.tests.test_nexus_api.TestTransactions" name="test_create_status_pending" time="0.000" /><testcase classname="backend.tests.test_nexus_api.TestTransactions" name="test_list_filters" time="0.090" /><testcase classname="backend.tests.test_nexus_api.TestTransactions" name="test_update_mark_paid" time="0.047" /><testcase classname="backend.tests.test_nexus_api.TestTransactions" name="test_transaction_qr" time="0.054" /><testcase classname="backend.tests.test_nexus_api.TestNudges" name="test_preview" time="0.045" /><testcase classname="backend.tests.test_nexus_api.TestNudges" name="test_whatsapp_send_increments" time="0.089" /><testcase classname="backend.tests.test_nexus_api.TestNudges" name="test_email_no_borrower_email_400" time="0.091" /><testcase classname="backend.tests.test_nexus_api.TestNudges" name="test_email_no_creds_400_when_borrower_has_email" time="0.048" /><testcase classname="backend.tests.test_nexus_api.TestNudges" name="test_log_returns_entries" time="0.042" /><testcase classname="backend.tests.test_nexus_api.TestInsights" name="test_summary_shape" time="0.046" /><testcase classname="backend.tests.test_nexus_api.TestMisc" name="test_whatsapp_status" time="0.045" /><testcase classname="backend.tests.test_nexus_api.TestMisc" name="test_delete_transaction" time="0.088" /></testsuite></testsuites>